{
  "RSpec": {
    "coverage": {
      "/home/sashakorol/Рабочий стол/movie_land/movie_land/spec/requests/api/v1/movie_spec.rb": {
        "lines": [
          1,
          null,
          1,
          1,
          1,
          1,
          5,
          null,
          null,
          1,
          1,
          null,
          null,
          1,
          4,
          null,
          null,
          1,
          1,
          1,
          1,
          1,
          null,
          null,
          null,
          1,
          1,
          1,
          1,
          1,
          null,
          null,
          null,
          1,
          1,
          1,
          1,
          1,
          null,
          null,
          null,
          null,
          null,
          1,
          1,
          1,
          1,
          null,
          null,
          null,
          null,
          null,
          null,
          1,
          1,
          1,
          1,
          null,
          null,
          1,
          1,
          1,
          null,
          1,
          1,
          null,
          null,
          null,
          null,
          1,
          1,
          1,
          1,
          1,
          null,
          null,
          null,
          null,
          null,
          null
        ]
      },
      "/home/sashakorol/Рабочий стол/movie_land/movie_land/spec/rails_helper.rb": {
        "lines": [
          null,
          1,
          1,
          1,
          null,
          1,
          1,
          null,
          4,
          null,
          null,
          null,
          null,
          null,
          null,
          null,
          null,
          null,
          null,
          null,
          null,
          null,
          null,
          null,
          null,
          null,
          null,
          null,
          null,
          1,
          null,
          0,
          0,
          null,
          1,
          null,
          1,
          null,
          null,
          null,
          null,
          1,
          null,
          null,
          null,
          null,
          null,
          null,
          null,
          null,
          null,
          null,
          null,
          null,
          null,
          null,
          null,
          null,
          null,
          1,
          null,
          null,
          1,
          null,
          null,
          null
        ]
      },
      "/home/sashakorol/Рабочий стол/movie_land/movie_land/config/environment.rb": {
        "lines": [
          null,
          1,
          null,
          null,
          1
        ]
      },
      "/home/sashakorol/Рабочий стол/movie_land/movie_land/config/application.rb": {
        "lines": [
          1,
          null,
          1,
          null,
          1,
          1,
          1,
          1,
          1,
          1,
          1,
          1,
          1,
          1,
          null,
          null,
          null,
          null,
          null,
          1,
          null,
          1,
          1,
          null,
          1,
          null,
          null,
          null,
          null,
          null,
          null,
          null,
          null,
          null,
          null,
          null,
          null,
          1,
          null,
          null
        ]
      },
      "/home/sashakorol/Рабочий стол/movie_land/movie_land/config/boot.rb": {
        "lines": [
          1,
          null,
          1,
          1
        ]
      },
      "/home/sashakorol/Рабочий стол/movie_land/movie_land/config/environments/test.rb": {
        "lines": [
          1,
          null,
          null,
          null,
          null,
          null,
          null,
          1,
          null,
          null,
          1,
          1,
          null,
          null,
          null,
          null,
          1,
          null,
          null,
          1,
          1,
          null,
          null,
          null,
          null,
          1,
          1,
          1,
          null,
          null,
          1,
          null,
          null,
          1,
          null,
          null,
          1,
          null,
          1,
          null,
          null,
          null,
          null,
          1,
          null,
          null,
          1,
          null,
          null,
          1,
          null,
          null,
          1,
          null,
          null,
          null,
          null,
          null,
          null,
          null
        ]
      },
      "/home/sashakorol/Рабочий стол/movie_land/movie_land/config/initializers/application_controller_renderer.rb": {
        "lines": [
          null,
          null,
          null,
          null,
          null,
          null,
          null,
          null
        ]
      },
      "/home/sashakorol/Рабочий стол/movie_land/movie_land/config/initializers/backtrace_silencers.rb": {
        "lines": [
          null,
          null,
          null,
          null,
          null,
          null,
          null,
          1
        ]
      },
      "/home/sashakorol/Рабочий стол/movie_land/movie_land/config/initializers/cors.rb": {
        "lines": [
          null,
          null,
          null,
          null,
          null,
          null,
          null,
          null,
          null,
          null,
          null,
          null,
          null,
          null,
          null,
          null
        ]
      },
      "/home/sashakorol/Рабочий стол/movie_land/movie_land/config/initializers/filter_parameter_logging.rb": {
        "lines": [
          null,
          null,
          null,
          1,
          null,
          null
        ]
      },
      "/home/sashakorol/Рабочий стол/movie_land/movie_land/config/initializers/inflections.rb": {
        "lines": [
          null,
          null,
          null,
          null,
          null,
          null,
          null,
          null,
          null,
          null,
          null,
          null,
          null,
          null,
          null,
          null
        ]
      },
      "/home/sashakorol/Рабочий стол/movie_land/movie_land/config/initializers/mime_types.rb": {
        "lines": [
          null,
          null,
          null,
          null
        ]
      },
      "/home/sashakorol/Рабочий стол/movie_land/movie_land/config/initializers/will_paginate.rb": {
        "lines": [
          1
        ]
      },
      "/home/sashakorol/Рабочий стол/movie_land/movie_land/config/initializers/wrap_parameters.rb": {
        "lines": [
          null,
          null,
          null,
          null,
          null,
          null,
          1,
          2,
          null,
          null,
          null,
          null,
          null,
          null
        ]
      },
      "/home/sashakorol/Рабочий стол/movie_land/movie_land/spec/factories/companies.rb": {
        "lines": [
          1,
          1,
          1,
          null,
          1,
          1,
          null,
          null,
          1,
          1,
          null,
          null,
          null
        ]
      },
      "/home/sashakorol/Рабочий стол/movie_land/movie_land/spec/factories/countries.rb": {
        "lines": [
          1,
          1,
          1,
          null,
          1,
          1,
          null,
          null,
          1,
          1,
          null,
          null,
          null
        ]
      },
      "/home/sashakorol/Рабочий стол/movie_land/movie_land/spec/factories/genres.rb": {
        "lines": [
          1,
          1,
          1,
          null,
          1,
          1,
          null,
          null,
          1,
          1,
          null,
          null,
          null
        ]
      },
      "/home/sashakorol/Рабочий стол/movie_land/movie_land/spec/factories/movies.rb": {
        "lines": [
          1,
          1,
          8,
          9,
          9,
          9,
          9,
          9,
          9,
          9,
          null,
          1,
          1,
          null,
          null,
          1,
          2,
          null,
          null,
          1,
          1,
          null,
          null,
          1,
          1,
          null,
          null,
          1,
          1,
          null,
          null,
          1,
          1,
          null,
          null,
          1,
          1,
          null,
          null,
          1,
          1,
          null,
          null,
          1,
          1,
          null,
          null,
          1,
          1,
          null,
          null,
          1,
          1,
          null,
          null,
          1,
          1,
          null,
          null,
          1,
          1,
          null,
          null,
          1,
          1,
          null,
          null,
          null
        ]
      },
      "/home/sashakorol/Рабочий стол/movie_land/movie_land/config/routes.rb": {
        "lines": [
          1,
          1,
          1,
          1,
          1,
          null,
          null,
          null,
          null
        ]
      },
      "/home/sashakorol/Рабочий стол/movie_land/movie_land/spec/support/shared_examples/invalid_model_example.rb": {
        "lines": [
          1,
          0,
          null
        ]
      },
      "/home/sashakorol/Рабочий стол/movie_land/movie_land/spec/support/shared_examples/valid_model_example.rb": {
        "lines": [
          1,
          0,
          null
        ]
      },
      "/home/sashakorol/Рабочий стол/movie_land/movie_land/app/models/movie.rb": {
        "lines": [
          1,
          1,
          1,
          1,
          null,
          1,
          1,
          1,
          1,
          1,
          1,
          1,
          null
        ]
      },
      "/home/sashakorol/Рабочий стол/movie_land/movie_land/app/models/application_record.rb": {
        "lines": [
          1,
          1,
          null
        ]
      },
      "/home/sashakorol/Рабочий стол/movie_land/movie_land/app/controllers/api/v1/movies_controller.rb": {
        "lines": [
          1,
          1,
          1,
          1,
          null,
          1,
          1,
          null,
          1,
          null,
          null,
          1,
          1,
          null,
          null,
          1,
          2,
          null,
          2,
          1,
          null,
          1,
          null,
          null,
          null,
          1,
          1,
          1,
          null,
          0,
          null,
          null,
          null,
          1,
          1,
          null,
          null,
          1,
          null,
          1,
          3,
          null,
          null,
          1,
          3,
          null,
          null,
          null,
          null
        ]
      },
      "/home/sashakorol/Рабочий стол/movie_land/movie_land/app/controllers/application_controller.rb": {
        "lines": [
          1,
          null
        ]
      },
      "/home/sashakorol/Рабочий стол/movie_land/movie_land/app/service/dictionary/find_service.rb": {
        "lines": [
          1,
          1,
          1,
          1,
          1,
          null,
          null,
          1,
          1,
          0,
          null,
          1,
          null,
          null,
          null,
          1,
          null,
          1,
          null,
          1,
          1,
          null,
          null,
          null
        ]
      },
      "/home/sashakorol/Рабочий стол/movie_land/movie_land/app/serializers/api/v1/movie_serializer.rb": {
        "lines": [
          1,
          1,
          1,
          1,
          null,
          1,
          1,
          1,
          null,
          null,
          null
        ]
      },
      "/home/sashakorol/Рабочий стол/movie_land/movie_land/app/serializers/api/v1/dictionary_serializer.rb": {
        "lines": [
          1,
          1,
          1,
          1,
          null,
          null,
          null
        ]
      },
      "/home/sashakorol/Рабочий стол/movie_land/movie_land/app/models/company.rb": {
        "lines": [
          1,
          1,
          1,
          null
        ]
      },
      "/home/sashakorol/Рабочий стол/movie_land/movie_land/app/models/country.rb": {
        "lines": [
          1,
          1,
          null,
          1,
          null
        ]
      },
      "/home/sashakorol/Рабочий стол/movie_land/movie_land/app/models/genre.rb": {
        "lines": [
          1,
          1,
          null,
          1,
          null
        ]
      }
    },
    "timestamp": 1645366681
  }
}
